2022-05-16 11:15:22,508:INFO:pegasus-monitord(58): pegasus-monitord starting - pid 3270286 
2022-05-16 11:15:22,515:INFO:pegasus-monitord(456): Final Command line options are: ['-N', 'gw.dax-0.dag.dagman.out']
2022-05-16 11:15:22,518:INFO:Pegasus.monitoring.event_output.MultiplexEventSink(509): Multiplexed Event Sink Connection Properties  {'amqp.url': 'amqp://friend:donatedata@msgs.pegasus.isi.edu:5672/prod/workflows', 'default.url': 'sqlite:////local/user/shashwat.singh/pycbc-tmp.kCiX4t67z5/work/gw.dax-0.stampede.db'}
2022-05-16 11:15:22,518:INFO:Pegasus.monitoring.event_output(630): Connecting workflow event sink to amqp://friend:donatedata@msgs.pegasus.isi.edu:5672/prod/workflows
2022-05-16 11:15:22,518:INFO:Pegasus.monitoring.event_output.AMQPEventSink(325): Encoder used <function json_encode at 0x7f5c61aaf7b8> Properties received {'url': 'amqp://friend:donatedata@msgs.pegasus.isi.edu:5672/prod/workflows'}
2022-05-16 11:15:22,519:INFO:Pegasus.monitoring.event_output.AMQPEventSink(377): Connecting to host: msgs.pegasus.isi.edu:5672 virtual host: prod exchange: workflows with user: friend ssl: False
2022-05-16 11:15:22,519:INFO:Pegasus.monitoring.event_output(704): output type=AMQP namespace=stampede. name=msgs.pegasus.isi.edu:5672//prod/workflows
2022-05-16 11:15:22,519:INFO:Pegasus.monitoring.event_output(630): Connecting workflow event sink to sqlite:////local/user/shashwat.singh/pycbc-tmp.kCiX4t67z5/work/gw.dax-0.stampede.db
Pegasus database was successfully created.
2022-05-16 11:15:22,635:INFO:pika.adapters.utils.connection_workflow(179): Pika version 1.1.0 connecting to ('128.9.35.235', 5672)
2022-05-16 11:15:22,805:INFO:pika.adapters.utils.io_services_utils(345): Socket connected: <socket.socket fd=10, family=AddressFamily.AF_INET, type=SocketKind.SOCK_STREAM, proto=6, laddr=('130.75.116.20', 63408), raddr=('128.9.35.235', 5672)>
2022-05-16 11:15:22,806:INFO:pika.adapters.utils.connection_workflow(428): Streaming transport linked up: (<pika.adapters.utils.io_services_utils._AsyncPlaintextTransport object at 0x7f5c6075bf60>, _StreamingProtocolShim: <SelectConnection PROTOCOL transport=<pika.adapters.utils.io_services_utils._AsyncPlaintextTransport object at 0x7f5c6075bf60> params=<ConnectionParameters host=msgs.pegasus.isi.edu port=5672 virtual_host=prod ssl=False>>).
2022-05-16 11:15:23,320:INFO:pika.adapters.utils.connection_workflow(293): AMQPConnector - reporting success: <SelectConnection OPEN transport=<pika.adapters.utils.io_services_utils._AsyncPlaintextTransport object at 0x7f5c6075bf60> params=<ConnectionParameters host=msgs.pegasus.isi.edu port=5672 virtual_host=prod ssl=False>>
2022-05-16 11:15:23,321:INFO:pika.adapters.utils.connection_workflow(725): AMQPConnectionWorkflow - reporting success: <SelectConnection OPEN transport=<pika.adapters.utils.io_services_utils._AsyncPlaintextTransport object at 0x7f5c6075bf60> params=<ConnectionParameters host=msgs.pegasus.isi.edu port=5672 virtual_host=prod ssl=False>>
2022-05-16 11:15:23,321:INFO:pika.adapters.blocking_connection(453): Connection workflow succeeded: <SelectConnection OPEN transport=<pika.adapters.utils.io_services_utils._AsyncPlaintextTransport object at 0x7f5c6075bf60> params=<ConnectionParameters host=msgs.pegasus.isi.edu port=5672 virtual_host=prod ssl=False>>
2022-05-16 11:15:23,321:INFO:pika.adapters.blocking_connection(1247): Created channel=1
Database version: '5.0.1' (sqlite:////local/user/shashwat.singh/pycbc-tmp.kCiX4t67z5/work/gw.dax-0.stampede.db)
2022-05-16 11:15:24,029:INFO:Pegasus.monitoring.event_output(704): output type=DB namespace=stampede. name=sqlite:////local/user/shashwat.singh/pycbc-tmp.kCiX4t67z5/work/gw.dax-0.stampede.db
2022-05-16 11:15:24,030:INFO:Pegasus.monitoring.event_output(630): Connecting workflow event sink to sqlite:////work/shashwat.singh/.pegasus/workflow.db
Database version: '5.0.1' (sqlite:////work/shashwat.singh/.pegasus/workflow.db)
2022-05-16 11:15:24,496:INFO:Pegasus.monitoring.event_output(704): output type=DB namespace=dashboard. name=sqlite:////work/shashwat.singh/.pegasus/workflow.db
2022-05-16 11:15:24,496:INFO:pegasus-monitord(1253): monitord started in fast start mode
2022-05-16 11:15:24,516:INFO:Pegasus.monitoring.workflow(461): cannot open state file /local/user/shashwat.singh/pycbc-tmp.kCiX4t67z5/work/monitord.info, continuing without state...
2022-05-16 11:15:24,516:INFO:Pegasus.monitoring.workflow(1148): creating new file /local/user/shashwat.singh/pycbc-tmp.kCiX4t67z5/work/jobstate.log
2022-05-16 11:15:24,516:INFO:Pegasus.monitoring.workflow(1158): Appending to existing jobstate.log replay_mode 0 previous_processed_line 0
2022-05-16 11:15:24,516:INFO:Pegasus.monitoring.notifications(474): loading notifications from /local/user/shashwat.singh/pycbc-tmp.kCiX4t67z5/work/gw.dax-0.notify
2022-05-16 11:15:26,189:INFO:Pegasus.monitoring.workflow(205): Parsing DAG file /local/user/shashwat.singh/pycbc-tmp.kCiX4t67z5/work/gw.dax-0.dag
2022-05-16 11:15:26,198:INFO:pegasus-monitord(980): Using DAGMan version 8.8.9 80809
2022-05-16 11:15:26,198:INFO:pegasus-monitord(955): DAGMan runs at pid 3270285
2022-05-16 11:15:26,200:INFO:pegasus-monitord(961): using dag gw.dax-0.dag
2022-05-16 11:15:26,200:INFO:Pegasus.monitoring.workflow(811): DAGMan starting with condor id 8470437.0
2022-05-16 14:23:14,292:WARNING:Pegasus.monitoring.workflow(1707): truncating stdout for job inference_ID0_ID0000049
2022-05-16 15:07:11,137:WARNING:Pegasus.monitoring.workflow(1707): truncating stdout for job inference_ID0_ID0000271
2022-05-16 15:12:26,371:WARNING:Pegasus.monitoring.workflow(1707): truncating stdout for job inference_ID0_ID0000203
2022-05-16 15:33:37,687:WARNING:Pegasus.monitoring.workflow(1707): truncating stdout for job inference_ID0_ID0000399
2022-05-16 15:43:09,299:WARNING:Pegasus.monitoring.workflow(1707): truncating stdout for job inference_ID0_ID0000155
2022-05-16 15:43:23,224:WARNING:Pegasus.monitoring.workflow(1707): truncating stdout for job inference_ID0_ID0000351
2022-05-16 15:57:33,453:WARNING:Pegasus.monitoring.workflow(1707): truncating stdout for job inference_ID0_ID0000167
2022-05-16 15:57:48,162:WARNING:Pegasus.monitoring.workflow(1707): truncating stdout for job inference_ID0_ID0000137
2022-05-16 16:15:50,560:WARNING:Pegasus.monitoring.workflow(1707): truncating stdout for job inference_ID0_ID0000219
2022-05-16 16:15:51,121:WARNING:Pegasus.monitoring.workflow(1707): truncating stdout for job inference_ID0_ID0000381
2022-05-16 16:22:57,974:WARNING:Pegasus.monitoring.workflow(1707): truncating stdout for job inference_ID0_ID0000343
2022-05-16 16:33:42,636:WARNING:Pegasus.monitoring.workflow(1707): truncating stdout for job inference_ID0_ID0000277
2022-05-16 16:42:03,023:WARNING:Pegasus.monitoring.workflow(1707): truncating stdout for job inference_ID0_ID0000289
2022-05-16 16:45:23,184:WARNING:Pegasus.monitoring.workflow(1707): truncating stdout for job inference_ID0_ID0000299
2022-05-16 16:47:13,289:WARNING:Pegasus.monitoring.workflow(1707): truncating stdout for job inference_ID0_ID0000319
2022-05-16 16:47:48,328:WARNING:Pegasus.monitoring.workflow(1707): truncating stdout for job inference_ID0_ID0000265
2022-05-16 16:59:35,317:WARNING:Pegasus.monitoring.workflow(1707): truncating stdout for job inference_ID0_ID0000205
2022-05-16 16:59:39,964:WARNING:Pegasus.monitoring.workflow(1707): truncating stdout for job inference_ID0_ID0000393
2022-05-16 17:00:54,709:WARNING:Pegasus.monitoring.workflow(1707): truncating stdout for job inference_ID0_ID0000169
2022-05-16 17:02:19,627:WARNING:Pegasus.monitoring.workflow(1707): truncating stdout for job inference_ID0_ID0000359
2022-05-16 17:11:11,491:WARNING:Pegasus.monitoring.workflow(1707): truncating stdout for job inference_ID0_ID0000233
2022-05-16 17:16:01,767:WARNING:Pegasus.monitoring.workflow(1707): truncating stdout for job inference_ID0_ID0000195
2022-05-16 17:19:12,018:WARNING:Pegasus.monitoring.workflow(1707): truncating stdout for job inference_ID0_ID0000395
2022-05-16 17:19:57,025:WARNING:Pegasus.monitoring.workflow(1707): truncating stdout for job inference_ID0_ID0000239
2022-05-16 17:22:37,044:WARNING:Pegasus.monitoring.workflow(1707): truncating stdout for job inference_ID0_ID0000055
2022-05-16 17:28:08,438:WARNING:Pegasus.monitoring.workflow(1707): truncating stdout for job inference_ID0_ID0000047
2022-05-16 17:35:52,665:WARNING:Pegasus.monitoring.workflow(1707): truncating stdout for job inference_ID0_ID0000285
2022-05-16 17:39:12,206:WARNING:Pegasus.monitoring.workflow(1707): truncating stdout for job inference_ID0_ID0000383
2022-05-16 17:39:32,940:WARNING:Pegasus.monitoring.workflow(1707): truncating stdout for job inference_ID0_ID0000129
2022-05-16 17:40:07,836:WARNING:Pegasus.monitoring.workflow(1707): truncating stdout for job inference_ID0_ID0000261
2022-05-16 17:42:37,625:WARNING:Pegasus.monitoring.workflow(1707): truncating stdout for job inference_ID0_ID0000035
2022-05-16 17:46:32,546:WARNING:Pegasus.monitoring.workflow(1707): truncating stdout for job inference_ID0_ID0000067
2022-05-16 17:47:22,329:WARNING:Pegasus.monitoring.workflow(1707): truncating stdout for job inference_ID0_ID0000093
2022-05-16 17:47:22,927:WARNING:Pegasus.monitoring.workflow(1707): truncating stdout for job inference_ID0_ID0000157
2022-05-16 17:48:32,799:WARNING:Pegasus.monitoring.workflow(1707): truncating stdout for job inference_ID0_ID0000249
2022-05-16 17:53:16,926:WARNING:Pegasus.monitoring.workflow(1707): truncating stdout for job inference_ID0_ID0000225
2022-05-16 17:56:01,773:WARNING:Pegasus.monitoring.workflow(1707): truncating stdout for job inference_ID0_ID0000227
2022-05-16 17:57:47,572:WARNING:Pegasus.monitoring.workflow(1707): truncating stdout for job inference_ID0_ID0000123
2022-05-16 17:58:03,405:WARNING:Pegasus.monitoring.workflow(1707): truncating stdout for job inference_ID0_ID0000291
2022-05-16 17:59:53,189:WARNING:Pegasus.monitoring.workflow(1707): truncating stdout for job inference_ID0_ID0000273
2022-05-16 18:01:18,001:WARNING:Pegasus.monitoring.workflow(1707): truncating stdout for job inference_ID0_ID0000201
2022-05-16 18:12:04,305:WARNING:Pegasus.monitoring.workflow(1707): truncating stdout for job inference_ID0_ID0000019
2022-05-16 18:19:56,400:WARNING:Pegasus.monitoring.workflow(1707): truncating stdout for job inference_ID0_ID0000355
2022-05-16 18:20:12,245:WARNING:Pegasus.monitoring.workflow(1707): truncating stdout for job inference_ID0_ID0000293
2022-05-16 18:34:22,826:WARNING:Pegasus.monitoring.workflow(1707): truncating stdout for job inference_ID0_ID0000329
2022-05-16 18:34:47,644:WARNING:Pegasus.monitoring.workflow(1707): truncating stdout for job inference_ID0_ID0000105
2022-05-16 18:39:53,897:WARNING:Pegasus.monitoring.workflow(1707): truncating stdout for job inference_ID0_ID0000031
2022-05-16 18:41:34,755:WARNING:Pegasus.monitoring.workflow(1707): truncating stdout for job inference_ID0_ID0000161
2022-05-16 18:53:50,100:WARNING:Pegasus.monitoring.workflow(1707): truncating stdout for job inference_ID0_ID0000117
2022-05-16 18:54:29,938:WARNING:Pegasus.monitoring.workflow(1707): truncating stdout for job inference_ID0_ID0000033
2022-05-16 18:56:55,212:WARNING:Pegasus.monitoring.workflow(1707): truncating stdout for job inference_ID0_ID0000279
2022-05-16 19:00:40,425:WARNING:Pegasus.monitoring.workflow(1707): truncating stdout for job inference_ID0_ID0000231
2022-05-16 19:02:50,637:WARNING:Pegasus.monitoring.workflow(1707): truncating stdout for job inference_ID0_ID0000269
2022-05-16 19:03:07,377:WARNING:Pegasus.monitoring.workflow(1707): truncating stdout for job inference_ID0_ID0000275
2022-05-16 19:08:26,175:WARNING:Pegasus.monitoring.workflow(1707): truncating stdout for job inference_ID0_ID0000077
2022-05-16 19:14:47,548:WARNING:Pegasus.monitoring.workflow(1707): truncating stdout for job inference_ID0_ID0000337
2022-05-16 19:16:58,621:WARNING:Pegasus.monitoring.workflow(1707): truncating stdout for job inference_ID0_ID0000353
2022-05-16 19:22:33,891:WARNING:Pegasus.monitoring.workflow(1707): truncating stdout for job inference_ID0_ID0000153
2022-05-16 19:27:35,198:WARNING:Pegasus.monitoring.workflow(1707): truncating stdout for job inference_ID0_ID0000391
2022-05-16 19:28:55,322:WARNING:Pegasus.monitoring.workflow(1707): truncating stdout for job inference_ID0_ID0000015
2022-05-16 19:30:35,361:WARNING:Pegasus.monitoring.workflow(1707): truncating stdout for job inference_ID0_ID0000089
2022-05-16 19:37:36,791:WARNING:Pegasus.monitoring.workflow(1707): truncating stdout for job inference_ID0_ID0000257
2022-05-16 19:38:40,504:WARNING:Pegasus.monitoring.workflow(1707): truncating stdout for job inference_ID0_ID0000113
2022-05-16 19:40:15,921:WARNING:Pegasus.monitoring.workflow(1707): truncating stdout for job inference_ID0_ID0000267
2022-05-16 19:40:50,925:WARNING:Pegasus.monitoring.workflow(1707): truncating stdout for job inference_ID0_ID0000223
2022-05-16 19:42:55,609:WARNING:Pegasus.monitoring.workflow(1707): truncating stdout for job inference_ID0_ID0000053
2022-05-16 19:47:01,042:WARNING:Pegasus.monitoring.workflow(1707): truncating stdout for job inference_ID0_ID0000043
2022-05-16 19:48:05,859:WARNING:Pegasus.monitoring.workflow(1707): truncating stdout for job inference_ID0_ID0000403
2022-05-16 19:48:16,516:WARNING:Pegasus.monitoring.workflow(1707): truncating stdout for job inference_ID0_ID0000245
2022-05-16 19:48:37,782:WARNING:Pegasus.monitoring.workflow(1707): truncating stdout for job inference_ID0_ID0000101
2022-05-16 19:59:19,012:WARNING:Pegasus.monitoring.workflow(1707): truncating stdout for job inference_ID0_ID0000347
2022-05-16 20:03:09,433:WARNING:Pegasus.monitoring.workflow(1707): truncating stdout for job inference_ID0_ID0000087
2022-05-16 20:09:21,037:WARNING:Pegasus.monitoring.workflow(1707): truncating stdout for job inference_ID0_ID0000099
2022-05-16 20:11:16,113:WARNING:Pegasus.monitoring.workflow(1707): truncating stdout for job inference_ID0_ID0000095
2022-05-16 20:11:36,725:WARNING:Pegasus.monitoring.workflow(1707): truncating stdout for job inference_ID0_ID0000405
2022-05-16 20:17:11,526:WARNING:Pegasus.monitoring.workflow(1707): truncating stdout for job inference_ID0_ID0000303
2022-05-16 20:19:01,672:WARNING:Pegasus.monitoring.workflow(1707): truncating stdout for job inference_ID0_ID0000023
2022-05-16 20:22:31,228:WARNING:Pegasus.monitoring.workflow(1707): truncating stdout for job inference_ID0_ID0000171
2022-05-16 20:25:56,669:WARNING:Pegasus.monitoring.workflow(1707): truncating stdout for job inference_ID0_ID0000259
2022-05-16 20:31:28,158:WARNING:Pegasus.monitoring.workflow(1707): truncating stdout for job inference_ID0_ID0000111
2022-05-16 20:31:48,014:WARNING:Pegasus.monitoring.workflow(1707): truncating stdout for job inference_ID0_ID0000221
2022-05-16 20:33:22,236:WARNING:Pegasus.monitoring.workflow(1707): truncating stdout for job inference_ID0_ID0000165
2022-05-16 20:35:07,514:WARNING:Pegasus.monitoring.workflow(1707): truncating stdout for job inference_ID0_ID0000335
2022-05-16 20:37:12,574:WARNING:Pegasus.monitoring.workflow(1707): truncating stdout for job inference_ID0_ID0000181
2022-05-16 20:39:48,820:WARNING:Pegasus.monitoring.workflow(1707): truncating stdout for job inference_ID0_ID0000199
2022-05-16 20:44:22,971:WARNING:Pegasus.monitoring.workflow(1707): truncating stdout for job inference_ID0_ID0000163
2022-05-16 20:46:03,072:WARNING:Pegasus.monitoring.workflow(1707): truncating stdout for job inference_ID0_ID0000081
2022-05-16 20:47:38,223:WARNING:Pegasus.monitoring.workflow(1707): truncating stdout for job inference_ID0_ID0000331
2022-05-16 20:51:14,549:WARNING:Pegasus.monitoring.workflow(1707): truncating stdout for job inference_ID0_ID0000241
2022-05-16 20:51:19,204:WARNING:Pegasus.monitoring.workflow(1707): truncating stdout for job inference_ID0_ID0000021
2022-05-16 20:53:34,901:WARNING:Pegasus.monitoring.workflow(1707): truncating stdout for job inference_ID0_ID0000349
2022-05-16 20:54:35,237:WARNING:Pegasus.monitoring.workflow(1707): truncating stdout for job inference_ID0_ID0000327
2022-05-16 20:55:21,064:WARNING:Pegasus.monitoring.workflow(1707): truncating stdout for job inference_ID0_ID0000025
2022-05-16 20:58:50,690:WARNING:Pegasus.monitoring.workflow(1707): truncating stdout for job inference_ID0_ID0000001
2022-05-16 21:02:40,962:WARNING:Pegasus.monitoring.workflow(1707): truncating stdout for job inference_ID0_ID0000237
2022-05-16 21:03:30,925:WARNING:Pegasus.monitoring.workflow(1707): truncating stdout for job inference_ID0_ID0000007
2022-05-16 21:03:50,580:WARNING:Pegasus.monitoring.workflow(1707): truncating stdout for job inference_ID0_ID0000401
2022-05-16 21:04:31,820:WARNING:Pegasus.monitoring.workflow(1707): truncating stdout for job inference_ID0_ID0000357
2022-05-16 21:10:57,488:WARNING:Pegasus.monitoring.workflow(1707): truncating stdout for job inference_ID0_ID0000215
2022-05-16 21:12:21,504:WARNING:Pegasus.monitoring.workflow(1707): truncating stdout for job inference_ID0_ID0000075
2022-05-16 21:14:16,609:WARNING:Pegasus.monitoring.workflow(1707): truncating stdout for job inference_ID0_ID0000361
2022-05-16 21:15:36,693:WARNING:Pegasus.monitoring.workflow(1707): truncating stdout for job inference_ID0_ID0000309
2022-05-16 21:15:46,423:WARNING:Pegasus.monitoring.workflow(1707): truncating stdout for job inference_ID0_ID0000295
2022-05-16 21:15:52,004:WARNING:Pegasus.monitoring.workflow(1707): truncating stdout for job inference_ID0_ID0000125
2022-05-16 21:16:02,726:WARNING:Pegasus.monitoring.workflow(1707): truncating stdout for job inference_ID0_ID0000107
2022-05-16 21:18:29,000:WARNING:Pegasus.monitoring.workflow(1707): truncating stdout for job inference_ID0_ID0000149
2022-05-16 21:26:33,435:WARNING:Pegasus.monitoring.workflow(1707): truncating stdout for job inference_ID0_ID0000363
2022-05-16 21:27:13,126:WARNING:Pegasus.monitoring.workflow(1707): truncating stdout for job inference_ID0_ID0000345
2022-05-16 21:27:28,700:WARNING:Pegasus.monitoring.workflow(1707): truncating stdout for job inference_ID0_ID0000189
2022-05-16 21:36:20,190:WARNING:Pegasus.monitoring.workflow(1707): truncating stdout for job inference_ID0_ID0000313
2022-05-16 21:37:09,997:WARNING:Pegasus.monitoring.workflow(1707): truncating stdout for job inference_ID0_ID0000207
2022-05-16 21:40:24,771:WARNING:Pegasus.monitoring.workflow(1707): truncating stdout for job inference_ID0_ID0000373
2022-05-16 21:43:00,971:WARNING:Pegasus.monitoring.workflow(1707): truncating stdout for job inference_ID0_ID0000341
2022-05-16 21:53:36,629:WARNING:Pegasus.monitoring.workflow(1707): truncating stdout for job inference_ID0_ID0000103
2022-05-16 21:55:30,932:WARNING:Pegasus.monitoring.workflow(1707): truncating stdout for job inference_ID0_ID0000061
2022-05-16 21:59:56,185:WARNING:Pegasus.monitoring.workflow(1707): truncating stdout for job inference_ID0_ID0000005
2022-05-16 22:05:21,475:WARNING:Pegasus.monitoring.workflow(1707): truncating stdout for job inference_ID0_ID0000141
2022-05-16 22:08:06,749:WARNING:Pegasus.monitoring.workflow(1707): truncating stdout for job inference_ID0_ID0000011
2022-05-16 22:09:26,795:WARNING:Pegasus.monitoring.workflow(1707): truncating stdout for job inference_ID0_ID0000283
2022-05-16 22:10:57,031:WARNING:Pegasus.monitoring.workflow(1707): truncating stdout for job inference_ID0_ID0000091
2022-05-16 22:11:46,947:WARNING:Pegasus.monitoring.workflow(1707): truncating stdout for job inference_ID0_ID0000145
2022-05-16 22:16:16,374:WARNING:Pegasus.monitoring.workflow(1707): truncating stdout for job inference_ID0_ID0000143
2022-05-16 22:21:16,773:WARNING:Pegasus.monitoring.workflow(1707): truncating stdout for job inference_ID0_ID0000263
2022-05-16 22:32:33,503:WARNING:Pegasus.monitoring.workflow(1707): truncating stdout for job inference_ID0_ID0000029
2022-05-16 22:40:02,868:WARNING:Pegasus.monitoring.workflow(1707): truncating stdout for job inference_ID0_ID0000115
2022-05-16 22:43:13,089:WARNING:Pegasus.monitoring.workflow(1707): truncating stdout for job inference_ID0_ID0000063
2022-05-16 22:47:13,401:WARNING:Pegasus.monitoring.workflow(1707): truncating stdout for job inference_ID0_ID0000009
2022-05-16 22:49:08,601:WARNING:Pegasus.monitoring.workflow(1707): truncating stdout for job inference_ID0_ID0000147
2022-05-16 22:49:48,298:WARNING:Pegasus.monitoring.workflow(1707): truncating stdout for job inference_ID0_ID0000369
2022-05-16 22:53:44,048:WARNING:Pegasus.monitoring.workflow(1707): truncating stdout for job inference_ID0_ID0000371
2022-05-16 23:01:14,626:WARNING:Pegasus.monitoring.workflow(1707): truncating stdout for job inference_ID0_ID0000209
2022-05-16 23:02:29,826:WARNING:Pegasus.monitoring.workflow(1707): truncating stdout for job inference_ID0_ID0000003
2022-05-16 23:03:39,498:WARNING:Pegasus.monitoring.workflow(1707): truncating stdout for job inference_ID0_ID0000151
2022-05-16 23:07:18,995:WARNING:Pegasus.monitoring.workflow(1707): truncating stdout for job inference_ID0_ID0000159
2022-05-16 23:14:59,437:WARNING:Pegasus.monitoring.workflow(1707): truncating stdout for job inference_ID0_ID0000365
2022-05-16 23:19:29,794:WARNING:Pegasus.monitoring.workflow(1707): truncating stdout for job inference_ID0_ID0000039
2022-05-16 23:19:30,333:WARNING:Pegasus.monitoring.workflow(1707): truncating stdout for job inference_ID0_ID0000121
2022-05-16 23:23:20,185:WARNING:Pegasus.monitoring.workflow(1707): truncating stdout for job inference_ID0_ID0000307
2022-05-16 23:30:15,569:WARNING:Pegasus.monitoring.workflow(1707): truncating stdout for job inference_ID0_ID0000059
2022-05-16 23:33:30,857:WARNING:Pegasus.monitoring.workflow(1707): truncating stdout for job inference_ID0_ID0000339
2022-05-16 23:34:50,999:WARNING:Pegasus.monitoring.workflow(1707): truncating stdout for job inference_ID0_ID0000185
2022-05-16 23:36:16,035:WARNING:Pegasus.monitoring.workflow(1707): truncating stdout for job inference_ID0_ID0000367
2022-05-16 23:44:06,672:WARNING:Pegasus.monitoring.workflow(1707): truncating stdout for job inference_ID0_ID0000079
2022-05-16 23:47:00,863:WARNING:Pegasus.monitoring.workflow(1707): truncating stdout for job inference_ID0_ID0000083
2022-05-16 23:50:31,918:WARNING:Pegasus.monitoring.workflow(1707): truncating stdout for job inference_ID0_ID0000317
2022-05-16 23:57:37,357:WARNING:Pegasus.monitoring.workflow(1707): truncating stdout for job inference_ID0_ID0000177
2022-05-17 00:08:34,179:WARNING:Pegasus.monitoring.workflow(1707): truncating stdout for job inference_ID0_ID0000173
2022-05-17 00:08:59,909:WARNING:Pegasus.monitoring.workflow(1707): truncating stdout for job inference_ID0_ID0000281
2022-05-17 00:15:00,534:WARNING:Pegasus.monitoring.workflow(1707): truncating stdout for job inference_ID0_ID0000065
2022-05-17 00:23:50,182:WARNING:Pegasus.monitoring.workflow(1707): truncating stdout for job inference_ID0_ID0000243
2022-05-17 00:32:21,875:WARNING:Pegasus.monitoring.workflow(1707): truncating stdout for job inference_ID0_ID0000073
2022-05-17 00:33:22,011:WARNING:Pegasus.monitoring.workflow(1707): truncating stdout for job inference_ID0_ID0000247
2022-05-17 00:37:06,171:WARNING:Pegasus.monitoring.workflow(1707): truncating stdout for job inference_ID0_ID0000127
2022-05-17 00:41:11,216:WARNING:Pegasus.monitoring.workflow(1707): truncating stdout for job inference_ID0_ID0000139
2022-05-17 00:44:47,337:WARNING:Pegasus.monitoring.workflow(1707): truncating stdout for job inference_ID0_ID0000135
2022-05-17 00:45:23,402:WARNING:Pegasus.monitoring.workflow(1707): truncating stdout for job inference_ID0_ID0000109
2022-05-17 01:24:16,680:WARNING:Pegasus.monitoring.workflow(1707): truncating stdout for job inference_ID0_ID0000119
2022-05-17 01:41:46,694:WARNING:Pegasus.monitoring.workflow(1707): truncating stdout for job inference_ID0_ID0000321
2022-05-17 01:44:52,279:WARNING:Pegasus.monitoring.workflow(1707): truncating stdout for job inference_ID0_ID0000027
2022-05-17 02:01:14,088:WARNING:Pegasus.monitoring.workflow(1707): truncating stdout for job inference_ID0_ID0000071
2022-05-17 02:09:55,555:WARNING:Pegasus.monitoring.workflow(1707): truncating stdout for job inference_ID0_ID0000305
2022-05-17 02:17:39,237:WARNING:Pegasus.monitoring.workflow(1707): truncating stdout for job inference_ID0_ID0000175
2022-05-17 02:37:04,346:WARNING:Pegasus.monitoring.workflow(1707): truncating stdout for job inference_ID0_ID0000017
2022-05-17 02:38:04,385:WARNING:Pegasus.monitoring.workflow(1707): truncating stdout for job inference_ID0_ID0000255
2022-05-17 02:49:40,067:WARNING:Pegasus.monitoring.workflow(1707): truncating stdout for job inference_ID0_ID0000379
2022-05-17 03:03:15,053:WARNING:Pegasus.monitoring.workflow(1707): truncating stdout for job inference_ID0_ID0000287
2022-05-17 03:18:21,122:WARNING:Pegasus.monitoring.workflow(1707): truncating stdout for job inference_ID0_ID0000193
2022-05-17 03:50:27,084:WARNING:Pegasus.monitoring.workflow(1707): truncating stdout for job inference_ID0_ID0000377
2022-05-17 03:55:48,553:WARNING:Pegasus.monitoring.workflow(1707): truncating stdout for job inference_ID0_ID0000191
2022-05-17 04:07:42,238:WARNING:Pegasus.monitoring.workflow(1707): truncating stdout for job inference_ID0_ID0000235
2022-05-17 04:42:19,267:WARNING:Pegasus.monitoring.workflow(1707): truncating stdout for job inference_ID0_ID0000387
2022-05-17 04:48:45,711:WARNING:Pegasus.monitoring.workflow(1707): truncating stdout for job inference_ID0_ID0000131
2022-05-17 04:51:50,998:WARNING:Pegasus.monitoring.workflow(1707): truncating stdout for job inference_ID0_ID0000389
2022-05-17 04:52:21,650:WARNING:Pegasus.monitoring.workflow(1707): truncating stdout for job inference_ID0_ID0000197
2022-05-17 05:08:06,870:WARNING:Pegasus.monitoring.workflow(1707): truncating stdout for job inference_ID0_ID0000211
2022-05-17 05:31:17,185:WARNING:Pegasus.monitoring.workflow(1707): truncating stdout for job inference_ID0_ID0000251
2022-05-17 05:38:08,326:WARNING:Pegasus.monitoring.workflow(1707): truncating stdout for job inference_ID0_ID0000323
2022-05-17 05:42:23,715:WARNING:Pegasus.monitoring.workflow(1707): truncating stdout for job inference_ID0_ID0000085
2022-05-17 06:10:00,569:WARNING:Pegasus.monitoring.workflow(1707): truncating stdout for job inference_ID0_ID0000229
2022-05-17 06:35:28,173:WARNING:Pegasus.monitoring.workflow(1707): truncating stdout for job inference_ID0_ID0000057
2022-05-17 06:42:41,769:WARNING:Pegasus.monitoring.workflow(1707): truncating stdout for job inference_ID0_ID0000187
2022-05-17 06:43:37,965:WARNING:Pegasus.monitoring.workflow(1707): truncating stdout for job inference_ID0_ID0000397
2022-05-17 07:01:07,970:WARNING:Pegasus.monitoring.workflow(1707): truncating stdout for job inference_ID0_ID0000179
2022-05-17 07:09:00,587:WARNING:Pegasus.monitoring.workflow(1707): truncating stdout for job inference_ID0_ID0000325
2022-05-17 07:11:25,439:ERROR:pika.adapters.utils.io_services_utils(1069): _AsyncBaseTransport._consume() failed, aborting connection: error=ConnectionResetError(104, 'Connection reset by peer'); sock=<socket.socket fd=10, family=AddressFamily.AF_INET, type=SocketKind.SOCK_STREAM, proto=6, laddr=('130.75.116.20', 63408)>; Caller's stack:
Traceback (most recent call last):
  File "/software/tools/pegasus/5.0/lib/python3.7/dist-packages/Pegasus/monitoring/event_output.py", line 392, in event_publisher
    full_event, event, data = self._msg_queue.get(timeout=5)
  File "/usr/lib/python3.7/queue.py", line 178, in get
    raise Empty
_queue.Empty

During handling of the above exception, another exception occurred:

Traceback (most recent call last):
  File "/software/tools/pegasus/5.0/lib/pegasus/externals/python/pika/adapters/utils/io_services_utils.py", line 1041, in _on_socket_readable
    self._consume()
  File "/software/tools/pegasus/5.0/lib/pegasus/externals/python/pika/adapters/utils/io_services_utils.py", line 791, in _consume
    data = self._sigint_safe_recv(self._sock, self._MAX_RECV_BYTES)
  File "/software/tools/pegasus/5.0/lib/pegasus/externals/python/pika/adapters/utils/io_services_utils.py", line 79, in retry_sigint_wrap
    return func(*args, **kwargs)
  File "/software/tools/pegasus/5.0/lib/pegasus/externals/python/pika/adapters/utils/io_services_utils.py", line 846, in _sigint_safe_recv
    return sock.recv(max_bytes)
ConnectionResetError: [Errno 104] Connection reset by peer
Traceback (most recent call last):
  File "/software/tools/pegasus/5.0/lib/python3.7/dist-packages/Pegasus/monitoring/event_output.py", line 392, in event_publisher
    full_event, event, data = self._msg_queue.get(timeout=5)
  File "/usr/lib/python3.7/queue.py", line 178, in get
    raise Empty
_queue.Empty

During handling of the above exception, another exception occurred:

Traceback (most recent call last):
  File "/software/tools/pegasus/5.0/lib/pegasus/externals/python/pika/adapters/utils/io_services_utils.py", line 1041, in _on_socket_readable
    self._consume()
  File "/software/tools/pegasus/5.0/lib/pegasus/externals/python/pika/adapters/utils/io_services_utils.py", line 791, in _consume
    data = self._sigint_safe_recv(self._sock, self._MAX_RECV_BYTES)
  File "/software/tools/pegasus/5.0/lib/pegasus/externals/python/pika/adapters/utils/io_services_utils.py", line 79, in retry_sigint_wrap
    return func(*args, **kwargs)
  File "/software/tools/pegasus/5.0/lib/pegasus/externals/python/pika/adapters/utils/io_services_utils.py", line 846, in _sigint_safe_recv
    return sock.recv(max_bytes)
ConnectionResetError: [Errno 104] Connection reset by peer
2022-05-17 07:11:25,439:INFO:pika.adapters.utils.io_services_utils(907): _AsyncTransportBase._initate_abort(): Initiating abrupt asynchronous transport shutdown: state=1; error=ConnectionResetError(104, 'Connection reset by peer'); <socket.socket fd=10, family=AddressFamily.AF_INET, type=SocketKind.SOCK_STREAM, proto=6, laddr=('130.75.116.20', 63408)>
2022-05-17 07:11:25,440:INFO:pika.adapters.utils.io_services_utils(870): Deactivating transport: state=1; <socket.socket fd=10, family=AddressFamily.AF_INET, type=SocketKind.SOCK_STREAM, proto=6, laddr=('130.75.116.20', 63408)>
2022-05-17 07:11:25,440:ERROR:pika.adapters.base_connection(429): connection_lost: StreamLostError: ("Stream connection lost: ConnectionResetError(104, 'Connection reset by peer')",)
2022-05-17 07:11:25,440:INFO:pika.connection(1999): AMQP stack terminated, failed to connect, or aborted: opened=True, error-arg=StreamLostError: ("Stream connection lost: ConnectionResetError(104, 'Connection reset by peer')",); pending-error=None
2022-05-17 07:11:25,440:INFO:pika.connection(2065): Stack terminated due to StreamLostError: ("Stream connection lost: ConnectionResetError(104, 'Connection reset by peer')",)
2022-05-17 07:11:25,440:INFO:pika.adapters.utils.io_services_utils(883): Closing transport socket and unlinking: state=2; <socket.socket fd=10, family=AddressFamily.AF_INET, type=SocketKind.SOCK_STREAM, proto=6, laddr=('130.75.116.20', 63408)>
2022-05-17 07:11:25,441:ERROR:pika.adapters.blocking_connection(521): Unexpected connection close detected: StreamLostError: ("Stream connection lost: ConnectionResetError(104, 'Connection reset by peer')",)
2022-05-17 07:11:25,441:INFO:Pegasus.monitoring.event_output.AMQPEventSink(436): Connection to msgs.pegasus.isi.edu:5672 was closed - Will try to recover the connection
2022-05-17 07:11:45,461:INFO:Pegasus.monitoring.event_output.AMQPEventSink(377): Connecting to host: msgs.pegasus.isi.edu:5672 virtual host: prod exchange: workflows with user: friend ssl: False
2022-05-17 07:11:45,465:INFO:pika.adapters.utils.connection_workflow(179): Pika version 1.1.0 connecting to ('128.9.35.235', 5672)
2022-05-17 07:11:45,637:INFO:pika.adapters.utils.io_services_utils(345): Socket connected: <socket.socket fd=10, family=AddressFamily.AF_INET, type=SocketKind.SOCK_STREAM, proto=6, laddr=('130.75.116.20', 63724), raddr=('128.9.35.235', 5672)>
2022-05-17 07:11:45,637:INFO:pika.adapters.utils.connection_workflow(428): Streaming transport linked up: (<pika.adapters.utils.io_services_utils._AsyncPlaintextTransport object at 0x7f5c5bf8e748>, _StreamingProtocolShim: <SelectConnection PROTOCOL transport=<pika.adapters.utils.io_services_utils._AsyncPlaintextTransport object at 0x7f5c5bf8e748> params=<ConnectionParameters host=msgs.pegasus.isi.edu port=5672 virtual_host=prod ssl=False>>).
2022-05-17 07:11:46,153:INFO:pika.adapters.utils.connection_workflow(293): AMQPConnector - reporting success: <SelectConnection OPEN transport=<pika.adapters.utils.io_services_utils._AsyncPlaintextTransport object at 0x7f5c5bf8e748> params=<ConnectionParameters host=msgs.pegasus.isi.edu port=5672 virtual_host=prod ssl=False>>
2022-05-17 07:11:46,153:INFO:pika.adapters.utils.connection_workflow(725): AMQPConnectionWorkflow - reporting success: <SelectConnection OPEN transport=<pika.adapters.utils.io_services_utils._AsyncPlaintextTransport object at 0x7f5c5bf8e748> params=<ConnectionParameters host=msgs.pegasus.isi.edu port=5672 virtual_host=prod ssl=False>>
2022-05-17 07:11:46,153:INFO:pika.adapters.blocking_connection(453): Connection workflow succeeded: <SelectConnection OPEN transport=<pika.adapters.utils.io_services_utils._AsyncPlaintextTransport object at 0x7f5c5bf8e748> params=<ConnectionParameters host=msgs.pegasus.isi.edu port=5672 virtual_host=prod ssl=False>>
2022-05-17 07:11:46,154:INFO:pika.adapters.blocking_connection(1247): Created channel=1
2022-05-17 07:18:31,459:WARNING:Pegasus.monitoring.workflow(1707): truncating stdout for job inference_ID0_ID0000041
2022-05-17 07:44:56,940:WARNING:Pegasus.monitoring.workflow(1707): truncating stdout for job inference_ID0_ID0000045
2022-05-17 09:24:09,064:WARNING:Pegasus.monitoring.workflow(1707): truncating stdout for job inference_ID0_ID0000297
2022-05-17 09:29:38,397:WARNING:Pegasus.monitoring.workflow(1707): truncating stdout for job inference_ID0_ID0000311
2022-05-17 09:51:11,167:WARNING:Pegasus.monitoring.workflow(1707): truncating stdout for job inference_ID0_ID0000051
2022-05-17 10:21:57,426:WARNING:Pegasus.monitoring.workflow(1707): truncating stdout for job inference_ID0_ID0000385
2022-05-17 10:43:19,838:WARNING:Pegasus.monitoring.workflow(1707): truncating stdout for job inference_ID0_ID0000253
2022-05-17 11:06:55,354:WARNING:Pegasus.monitoring.workflow(1707): truncating stdout for job inference_ID0_ID0000037
2022-05-17 11:48:32,503:WARNING:Pegasus.monitoring.workflow(1707): truncating stdout for job inference_ID0_ID0000375
2022-05-17 12:29:37,190:WARNING:Pegasus.monitoring.workflow(1707): truncating stdout for job inference_ID0_ID0000217
2022-05-17 14:15:42,947:WARNING:Pegasus.monitoring.workflow(1707): truncating stdout for job inference_ID0_ID0000069
2022-05-17 15:20:57,836:WARNING:Pegasus.monitoring.workflow(1707): truncating stdout for job inference_ID0_ID0000097
2022-05-17 17:08:23,697:WARNING:Pegasus.monitoring.workflow(1707): truncating stdout for job inference_ID0_ID0000301
2022-05-17 17:13:05,026:WARNING:Pegasus.monitoring.workflow(1707): truncating stdout for job inference_ID0_ID0000315
2022-05-17 17:30:36,581:WARNING:Pegasus.monitoring.workflow(1707): truncating stdout for job inference_ID0_ID0000333
2022-05-17 18:09:39,447:WARNING:Pegasus.monitoring.workflow(1707): truncating stdout for job inference_ID0_ID0000013
2022-05-17 23:19:41,002:WARNING:Pegasus.monitoring.workflow(1707): truncating stdout for job inference_ID0_ID0000133
2022-05-18 02:30:19,419:WARNING:Pegasus.monitoring.workflow(1707): truncating stdout for job inference_ID0_ID0000213
2022-05-18 05:26:22,788:WARNING:Pegasus.monitoring.workflow(1707): truncating stdout for job inference_ID0_ID0000183
2022-05-18 05:28:25,337:INFO:pegasus-monitord(933): DAGMan gw.dax-0.dag finished with exit code 0
2022-05-18 05:28:26,387:INFO:pegasus-monitord(1433): workflow /local/user/shashwat.singh/pycbc-tmp.kCiX4t67z5/work/gw.dax-0.dag.dagman.out ended
2022-05-18 05:28:26,388:INFO:Pegasus.monitoring.workflow(1378): recovery file deleted: /local/user/shashwat.singh/pycbc-tmp.kCiX4t67z5/work/monitord.recover
2022-05-18 05:28:26,388:INFO:pegasus-monitord(1671): finishing workflow: /local/user/shashwat.singh/pycbc-tmp.kCiX4t67z5/work/gw.dax-0.dag.dagman.out
2022-05-18 05:28:26,388:INFO:pegasus-monitord(1725): finishing notifications...
2022-05-18 05:28:26,388:INFO:pegasus-monitord(1733): monitord process 3270286 exiting with 0
2022-05-18 05:28:26,389:INFO:pegasus-monitord(198): DB flushing beginning
2022-05-18 05:28:29,336:INFO:pika.adapters.blocking_connection(788): Closing connection (200): Normal shutdown
2022-05-18 05:28:29,336:INFO:pika.channel(534): Closing channel (200): 'Normal shutdown' on <Channel number=1 OPEN conn=<SelectConnection OPEN transport=<pika.adapters.utils.io_services_utils._AsyncPlaintextTransport object at 0x7f5c5bf8e748> params=<ConnectionParameters host=msgs.pegasus.isi.edu port=5672 virtual_host=prod ssl=False>>>
2022-05-18 05:28:29,508:INFO:pika.channel(1119): Received <Channel.CloseOk> on <Channel number=1 CLOSING conn=<SelectConnection OPEN transport=<pika.adapters.utils.io_services_utils._AsyncPlaintextTransport object at 0x7f5c5bf8e748> params=<ConnectionParameters host=msgs.pegasus.isi.edu port=5672 virtual_host=prod ssl=False>>>
2022-05-18 05:28:29,508:INFO:pika.connection(1295): Closing connection (200): 'Normal shutdown'
2022-05-18 05:28:29,678:INFO:pika.adapters.utils.io_services_utils(732): Aborting transport connection: state=1; <socket.socket fd=10, family=AddressFamily.AF_INET, type=SocketKind.SOCK_STREAM, proto=6, laddr=('130.75.116.20', 63724), raddr=('128.9.35.235', 5672)>
2022-05-18 05:28:29,679:INFO:pika.adapters.utils.io_services_utils(907): _AsyncTransportBase._initate_abort(): Initiating abrupt asynchronous transport shutdown: state=1; error=None; <socket.socket fd=10, family=AddressFamily.AF_INET, type=SocketKind.SOCK_STREAM, proto=6, laddr=('130.75.116.20', 63724), raddr=('128.9.35.235', 5672)>
2022-05-18 05:28:29,679:INFO:pika.adapters.utils.io_services_utils(870): Deactivating transport: state=1; <socket.socket fd=10, family=AddressFamily.AF_INET, type=SocketKind.SOCK_STREAM, proto=6, laddr=('130.75.116.20', 63724), raddr=('128.9.35.235', 5672)>
2022-05-18 05:28:29,679:INFO:pika.connection(1999): AMQP stack terminated, failed to connect, or aborted: opened=True, error-arg=None; pending-error=ConnectionClosedByClient: (200) 'Normal shutdown'
2022-05-18 05:28:29,679:INFO:pika.connection(2065): Stack terminated due to ConnectionClosedByClient: (200) 'Normal shutdown'
2022-05-18 05:28:29,679:INFO:pika.adapters.utils.io_services_utils(883): Closing transport socket and unlinking: state=3; <socket.socket fd=10, family=AddressFamily.AF_INET, type=SocketKind.SOCK_STREAM, proto=6, laddr=('130.75.116.20', 63724), raddr=('128.9.35.235', 5672)>
2022-05-18 05:28:29,679:INFO:pika.adapters.blocking_connection(525): User-initiated close: result=BlockingConnection__OnClosedArgs(connection=<SelectConnection CLOSED transport=None params=<ConnectionParameters host=msgs.pegasus.isi.edu port=5672 virtual_host=prod ssl=False>>, error=ConnectionClosedByClient: (200) 'Normal shutdown')
2022-05-18 05:28:29,680:INFO:Pegasus.db.workflow_loader.WorkflowLoader(1244): Executing final flush
2022-05-18 05:28:29,757:INFO:Pegasus.db.dashboard_loader.DashboardLoader(397): Executing final flush
2022-05-18 05:28:29,758:INFO:pegasus-monitord(214): DB flushing ended
